<?xml version="1.0" encoding="UTF-8"?>
<testng-results ignored="0" total="1" passed="1" failed="0" skipped="0">
  <reporter-output>
  </reporter-output>
  <suite started-at="2022-08-16T16:40:46 WEST" name="Default suite" finished-at="2022-08-16T16:40:57 WEST" duration-ms="11752">
    <groups>
    </groups>
    <test started-at="2022-08-16T16:40:46 WEST" name="Default test" finished-at="2022-08-16T16:40:57 WEST" duration-ms="11752">
      <class name="technicalChallenge.TestCase3">
        <test-method is-config="true" signature="launchBrowser()[pri:0, instance:technicalChallenge.TestCase3@52e6fdee]" started-at="2022-08-16T16:40:46 WEST" name="launchBrowser" finished-at="2022-08-16T16:40:51 WEST" duration-ms="5384" status="PASS">
          <reporter-output>
          </reporter-output>
        </test-method> <!-- launchBrowser -->
        <test-method signature="main()[pri:0, instance:technicalChallenge.TestCase3@52e6fdee]" started-at="2022-08-16T16:40:51 WEST" name="main" finished-at="2022-08-16T16:40:55 WEST" duration-ms="3931" status="PASS">
          <reporter-output>
          </reporter-output>
        </test-method> <!-- main -->
        <test-method is-config="true" signature="closeBrowser()[pri:0, instance:technicalChallenge.TestCase3@52e6fdee]" started-at="2022-08-16T16:40:55 WEST" name="closeBrowser" finished-at="2022-08-16T16:40:57 WEST" duration-ms="2408" status="PASS">
          <reporter-output>
          </reporter-output>
        </test-method> <!-- closeBrowser -->
      </class> <!-- technicalChallenge.TestCase3 -->
    </test> <!-- Default test -->
  </suite> <!-- Default suite -->
</testng-results>
